生成启动时间为 2022/12/20 12:15:25。
     1>项目“c:\Users\86176\documents\visual studio 2010\Projects\P1007 还是最大公约数\P1007 还是最大公约数\P1007 还是最大公约数.vcxproj”在节点 2 上(build 个目标)。
     1>PrepareForBuild:
         正在创建目录“c:\users\86176\documents\visual studio 2010\Projects\P1007 还是最大公约数\Debug\”。
       InitializeBuildStatus:
         正在创建“Debug\P1007 还是最大公约数.unsuccessfulbuild”，因为已指定“AlwaysCreate”。
       ClCompile:
         C:\Program Files (x86)\Microsoft Visual Studio 10.0\VC\bin\CL.exe /c /ZI /nologo /W3 /WX- /Od /Oy- /D _UNICODE /D UNICODE /Gm /EHsc /RTC1 /MDd /GS /fp:precise /Zc:wchar_t /Zc:forScope /Fo"Debug\\" /Fd"Debug\vc100.pdb" /Gd /TC /analyze- /errorReport:prompt test.c
         test.c
     1>c:\users\86176\documents\visual studio 2010\projects\p1007 还是最大公约数\p1007 还是最大公约数\test.c(6): warning C4996: 'scanf': This function or variable may be unsafe. Consider using scanf_s instead. To disable deprecation, use _CRT_SECURE_NO_WARNINGS. See online help for details.
                 c:\program files (x86)\microsoft visual studio 10.0\vc\include\stdio.h(304) : 参见“scanf”的声明
     1>c:\users\86176\documents\visual studio 2010\projects\p1007 还是最大公约数\p1007 还是最大公约数\test.c(10): warning C4996: 'scanf': This function or variable may be unsafe. Consider using scanf_s instead. To disable deprecation, use _CRT_SECURE_NO_WARNINGS. See online help for details.
                 c:\program files (x86)\microsoft visual studio 10.0\vc\include\stdio.h(304) : 参见“scanf”的声明
       Link:
         C:\Program Files (x86)\Microsoft Visual Studio 10.0\VC\bin\link.exe /ERRORREPORT:PROMPT /OUT:"c:\users\86176\documents\visual studio 2010\Projects\P1007 还是最大公约数\Debug\P1007 还是最大公约数.exe" /NOLOGO kernel32.lib user32.lib gdi32.lib winspool.lib comdlg32.lib advapi32.lib shell32.lib ole32.lib oleaut32.lib uuid.lib odbc32.lib odbccp32.lib /MANIFEST /ManifestFile:"Debug\P1007 还是最大公约数.exe.intermediate.manifest" /MANIFESTUAC:"level='asInvoker' uiAccess='false'" /DEBUG /PDB:"c:\users\86176\documents\visual studio 2010\Projects\P1007 还是最大公约数\Debug\P1007 还是最大公约数.pdb" /SUBSYSTEM:CONSOLE /TLBID:1 /DYNAMICBASE /NXCOMPAT /IMPLIB:"c:\users\86176\documents\visual studio 2010\Projects\P1007 还是最大公约数\Debug\P1007 还是最大公约数.lib" /MACHINE:X86 Debug\test.obj
         P1007 还是最大公约数.vcxproj -> c:\users\86176\documents\visual studio 2010\Projects\P1007 还是最大公约数\Debug\P1007 还是最大公约数.exe
       Manifest:
         C:\Program Files (x86)\Microsoft SDKs\Windows\v7.0A\bin\mt.exe /nologo /verbose /outputresource:"c:\users\86176\documents\visual studio 2010\Projects\P1007 还是最大公约数\Debug\P1007 还是最大公约数.exe;#1" /manifest "Debug\P1007 还是最大公约数.exe.intermediate.manifest"
       FinalizeBuildStatus:
         正在删除文件“Debug\P1007 还是最大公约数.unsuccessfulbuild”。
         正在对“Debug\P1007 还是最大公约数.lastbuildstate”执行 Touch 任务。
     1>已完成生成项目“c:\Users\86176\documents\visual studio 2010\Projects\P1007 还是最大公约数\P1007 还是最大公约数\P1007 还是最大公约数.vcxproj”(build 个目标)的操作。

生成成功。

已用时间 00:00:00.54
